{"total": {"lines":{"total":907,"covered":625,"skipped":0,"pct":68.9},"statements":{"total":907,"covered":625,"skipped":0,"pct":68.9},"functions":{"total":14,"covered":11,"skipped":0,"pct":78.57},"branches":{"total":118,"covered":86,"skipped":0,"pct":72.88},"branchesTrue":{"total":0,"covered":0,"skipped":0,"pct":"Unknown"}}
,"C:\\Users\\Micah\\expense-tracker\\src\\hooks\\useActivityData.js": {"lines":{"total":80,"covered":65,"skipped":0,"pct":81.25},"functions":{"total":1,"covered":1,"skipped":0,"pct":100},"statements":{"total":80,"covered":65,"skipped":0,"pct":81.25},"branches":{"total":17,"covered":13,"skipped":0,"pct":76.47}}
,"C:\\Users\\Micah\\expense-tracker\\src\\hooks\\useDataManagementActions.js": {"lines":{"total":146,"covered":138,"skipped":0,"pct":94.52},"functions":{"total":1,"covered":1,"skipped":0,"pct":100},"statements":{"total":146,"covered":138,"skipped":0,"pct":94.52},"branches":{"total":20,"covered":14,"skipped":0,"pct":70}}
,"C:\\Users\\Micah\\expense-tracker\\src\\hooks\\useImportExportActions.js": {"lines":{"total":224,"covered":166,"skipped":0,"pct":74.1},"functions":{"total":4,"covered":4,"skipped":0,"pct":100},"statements":{"total":224,"covered":166,"skipped":0,"pct":74.1},"branches":{"total":32,"covered":23,"skipped":0,"pct":71.87}}
,"C:\\Users\\Micah\\expense-tracker\\src\\hooks\\useSync.js": {"lines":{"total":284,"covered":138,"skipped":0,"pct":48.59},"functions":{"total":6,"covered":3,"skipped":0,"pct":50},"statements":{"total":284,"covered":138,"skipped":0,"pct":48.59},"branches":{"total":33,"covered":27,"skipped":0,"pct":81.81}}
,"C:\\Users\\Micah\\expense-tracker\\src\\hooks\\useVersioningSyncActions.js": {"lines":{"total":173,"covered":118,"skipped":0,"pct":68.2},"functions":{"total":2,"covered":2,"skipped":0,"pct":100},"statements":{"total":173,"covered":118,"skipped":0,"pct":68.2},"branches":{"total":16,"covered":9,"skipped":0,"pct":56.25}}
}
